# JRE version: OpenJDK Runtime Environment (8.0_152-b02) (build 1.8.0_152-release-1024-b02)
# Java VM: OpenJDK 64-Bit Server VM (25.152-b02 mixed mode windows-amd64 compressed oops)
Heap:
 PSYoungGen      total 280576K, used 131989K [0x00000000eab00000, 0x00000000ffb00000, 0x0000000100000000)
  eden space 224256K, 56% used [0x00000000eab00000,0x00000000f27714a0,0x00000000f8600000)
  from space 56320K, 8% used [0x00000000fc400000,0x00000000fc874070,0x00000000ffb00000)
  to   space 59904K, 0% used [0x00000000f8600000,0x00000000f8600000,0x00000000fc080000)
 ParOldGen       total 694784K, used 615762K [0x00000000c0000000, 0x00000000ea680000, 0x00000000eab00000)
  object space 694784K, 88% used [0x00000000c0000000,0x00000000e5954808,0x00000000ea680000)
 Metaspace       used 164183K, capacity 175714K, committed 176000K, reserved 1202176K
  class space    used 20058K, capacity 22377K, committed 22400K, reserved 1048576K
GC Heap History (10 events):
Event: 15523.463 GC heap before
{Heap before GC invocations=205 (full 9):
 PSYoungGen      total 275456K, used 208901K [0x00000000eab00000, 0x0000000100000000, 0x0000000100000000)
  eden space 201728K, 100% used [0x00000000eab00000,0x00000000f7000000,0x00000000f7000000)
  from space 73728K, 9% used [0x00000000f7000000,0x00000000f77016d8,0x00000000fb800000)
  to   space 72704K, 0% used [0x00000000fb900000,0x00000000fb900000,0x0000000100000000)
 ParOldGen       total 694784K, used 568455K [0x00000000c0000000, 0x00000000ea680000, 0x00000000eab00000)
  object space 694784K, 81% used [0x00000000c0000000,0x00000000e2b21e98,0x00000000ea680000)
 Metaspace       used 160265K, capacity 171414K, committed 171520K, reserved 1198080K
  class space    used 19696K, capacity 21987K, committed 22016K, reserved 1048576K
Event: 15523.476 GC heap after
Heap after GC invocations=205 (full 9):
 PSYoungGen      total 271360K, used 5472K [0x00000000eab00000, 0x00000000ffc00000, 0x0000000100000000)
  eden space 202752K, 0% used [0x00000000eab00000,0x00000000eab00000,0x00000000f7100000)
  from space 68608K, 7% used [0x00000000fb900000,0x00000000fbe58040,0x00000000ffc00000)
  to   space 71168K, 0% used [0x00000000f7100000,0x00000000f7100000,0x00000000fb680000)
 ParOldGen       total 694784K, used 574912K [0x00000000c0000000, 0x00000000ea680000, 0x00000000eab00000)
  object space 694784K, 82% used [0x00000000c0000000,0x00000000e3170330,0x00000000ea680000)
 Metaspace       used 160265K, capacity 171414K, committed 171520K, reserved 1198080K
  class space    used 19696K, capacity 21987K, committed 22016K, reserved 1048576K
}
Event: 15531.911 GC heap before
{Heap before GC invocations=206 (full 9):
 PSYoungGen      total 271360K, used 208224K [0x00000000eab00000, 0x00000000ffc00000, 0x0000000100000000)
  eden space 202752K, 100% used [0x00000000eab00000,0x00000000f7100000,0x00000000f7100000)
  from space 68608K, 7% used [0x00000000fb900000,0x00000000fbe58040,0x00000000ffc00000)
  to   space 71168K, 0% used [0x00000000f7100000,0x00000000f7100000,0x00000000fb680000)
 ParOldGen       total 694784K, used 574912K [0x00000000c0000000, 0x00000000ea680000, 0x00000000eab00000)
  object space 694784K, 82% used [0x00000000c0000000,0x00000000e3170330,0x00000000ea680000)
 Metaspace       used 160276K, capacity 171414K, committed 171520K, reserved 1198080K
  class space    used 19697K, capacity 21987K, committed 22016K, reserved 1048576K
Event: 15531.930 GC heap after
Heap after GC invocations=206 (full 9):
 PSYoungGen      total 273920K, used 13097K [0x00000000eab00000, 0x00000000ffc80000, 0x0000000100000000)
  eden space 202752K, 0% used [0x00000000eab00000,0x00000000eab00000,0x00000000f7100000)
  from space 71168K, 18% used [0x00000000f7100000,0x00000000f7dca648,0x00000000fb680000)
  to   space 68096K, 0% used [0x00000000fba00000,0x00000000fba00000,0x00000000ffc80000)
 ParOldGen       total 694784K, used 579781K [0x00000000c0000000, 0x00000000ea680000, 0x00000000eab00000)
  object space 694784K, 83% used [0x00000000c0000000,0x00000000e3631490,0x00000000ea680000)
 Metaspace       used 160276K, capacity 171414K, committed 171520K, reserved 1198080K
  class space    used 19697K, capacity 21987K, committed 22016K, reserved 1048576K
}
Event: 15575.491 GC heap before
{Heap before GC invocations=207 (full 9):
 PSYoungGen      total 273920K, used 215849K [0x00000000eab00000, 0x00000000ffc80000, 0x0000000100000000)
  eden space 202752K, 100% used [0x00000000eab00000,0x00000000f7100000,0x00000000f7100000)
  from space 71168K, 18% used [0x00000000f7100000,0x00000000f7dca648,0x00000000fb680000)
  to   space 68096K, 0% used [0x00000000fba00000,0x00000000fba00000,0x00000000ffc80000)
 ParOldGen       total 694784K, used 579781K [0x00000000c0000000, 0x00000000ea680000, 0x00000000eab00000)
  object space 694784K, 83% used [0x00000000c0000000,0x00000000e3631490,0x00000000ea680000)
 Metaspace       used 160611K, capacity 171956K, committed 172160K, reserved 1200128K
  class space    used 19764K, capacity 22074K, committed 22144K, reserved 1048576K
Event: 15575.511 GC heap after
Heap after GC invocations=207 (full 9):
 PSYoungGen      total 269312K, used 19961K [0x00000000eab00000, 0x00000000ff400000, 0x0000000100000000)
  eden space 209920K, 0% used [0x00000000eab00000,0x00000000eab00000,0x00000000f7800000)
  from space 59392K, 33% used [0x00000000fba00000,0x00000000fcd7e6a8,0x00000000ff400000)
  to   space 63488K, 0% used [0x00000000f7800000,0x00000000f7800000,0x00000000fb600000)
 ParOldGen       total 694784K, used 590370K [0x00000000c0000000, 0x00000000ea680000, 0x00000000eab00000)
  object space 694784K, 84% used [0x00000000c0000000,0x00000000e4088808,0x00000000ea680000)
 Metaspace       used 160611K, capacity 171956K, committed 172160K, reserved 1200128K
  class space    used 19764K, capacity 22074K, committed 22144K, reserved 1048576K
}
Event: 15579.202 GC heap before
{Heap before GC invocations=208 (full 9):
 PSYoungGen      total 269312K, used 229881K [0x00000000eab00000, 0x00000000ff400000, 0x0000000100000000)
  eden space 209920K, 100% used [0x00000000eab00000,0x00000000f7800000,0x00000000f7800000)
  from space 59392K, 33% used [0x00000000fba00000,0x00000000fcd7e6a8,0x00000000ff400000)
  to   space 63488K, 0% used [0x00000000f7800000,0x00000000f7800000,0x00000000fb600000)
 ParOldGen       total 694784K, used 590370K [0x00000000c0000000, 0x00000000ea680000, 0x00000000eab00000)
  object space 694784K, 84% used [0x00000000c0000000,0x00000000e4088808,0x00000000ea680000)
 Metaspace       used 164105K, capacity 175646K, committed 175744K, reserved 1202176K
  class space    used 20058K, capacity 22377K, committed 22400K, reserved 1048576K
Event: 15579.250 GC heap after
Heap after GC invocations=208 (full 9):
 PSYoungGen      total 273408K, used 11541K [0x00000000eab00000, 0x0000000100000000, 0x0000000100000000)
  eden space 209920K, 0% used [0x00000000eab00000,0x00000000eab00000,0x00000000f7800000)
  from space 63488K, 18% used [0x00000000f7800000,0x00000000f8345458,0x00000000fb600000)
  to   space 61440K, 0% used [0x00000000fc400000,0x00000000fc400000,0x0000000100000000)
 ParOldGen       total 694784K, used 608601K [0x00000000c0000000, 0x00000000ea680000, 0x00000000eab00000)
  object space 694784K, 87% used [0x00000000c0000000,0x00000000e52564f0,0x00000000ea680000)
 Metaspace       used 164105K, capacity 175646K, committed 175744K, reserved 1202176K
  class space    used 20058K, capacity 22377K, committed 22400K, reserved 1048576K
}
Event: 15580.601 GC heap before
{Heap before GC invocations=209 (full 9):
 PSYoungGen      total 273408K, used 221461K [0x00000000eab00000, 0x0000000100000000, 0x0000000100000000)
  eden space 209920K, 100% used [0x00000000eab00000,0x00000000f7800000,0x00000000f7800000)
  from space 63488K, 18% used [0x00000000f7800000,0x00000000f8345458,0x00000000fb600000)
  to   space 61440K, 0% used [0x00000000fc400000,0x00000000fc400000,0x0000000100000000)
 ParOldGen       total 694784K, used 608601K [0x00000000c0000000, 0x00000000ea680000, 0x00000000eab00000)
  object space 694784K, 87% used [0x00000000c0000000,0x00000000e52564f0,0x00000000ea680000)
 Metaspace       used 164171K, capacity 175714K, committed 176000K, reserved 1202176K
  class space    used 20058K, capacity 22377K, committed 22400K, reserved 1048576K
Event: 15580.626 GC heap after
Heap after GC invocations=209 (full 9):
 PSYoungGen      total 280576K, used 4560K [0x00000000eab00000, 0x00000000ffb00000, 0x0000000100000000)
  eden space 224256K, 0% used [0x00000000eab00000,0x00000000eab00000,0x00000000f8600000)
  from space 56320K, 8% used [0x00000000fc400000,0x00000000fc874070,0x00000000ffb00000)
  to   space 59904K, 0% used [0x00000000f8600000,0x00000000f8600000,0x00000000fc080000)
 ParOldGen       total 694784K, used 615762K [0x00000000c0000000, 0x00000000ea680000, 0x00000000eab00000)
  object space 694784K, 88% used [0x00000000c0000000,0x00000000e5954808,0x00000000ea680000)
 Metaspace       used 164171K, capacity 175714K, committed 176000K, reserved 1202176K
  class space    used 20058K, capacity 22377K, committed 22400K, reserved 1048576K
}

